<?xml version="1.0" encoding="UTF-8"?>
<testsuite name="com.addressbook.AddressBookTest" tests="5" skipped="0" failures="0" errors="0" timestamp="2020-05-28T03:46:10" hostname="MADHU" time="0.005">
  <properties/>
  <testcase name="givenPersonsDetailsAndSearched_whenFound_shouldReturnTrue" classname="com.addressbook.AddressBookTest" time="0.003"/>
  <testcase name="givenPersonsDetails_whenAddedToList_shouldReturnAddedSize" classname="com.addressbook.AddressBookTest" time="0.0"/>
  <testcase name="givenPersonsDetailsAndSearched_whenNotFound_shouldReturnFalse" classname="com.addressbook.AddressBookTest" time="0.0"/>
  <testcase name="givenPersonsDetails_whenAddedToList_shouldReturnCorrectList" classname="com.addressbook.AddressBookTest" time="0.0"/>
  <testcase name="removedPersonDetails_whenRemovedFromList_shouldReturnAddedSize" classname="com.addressbook.AddressBookTest" time="0.001"/>
  <system-out><![CDATA[]]></system-out>
  <system-err><![CDATA[]]></system-err>
</testsuite>
