<?xml version="1.0" encoding="UTF-8"?>
<testsuite name="com.addressbook.AddressBookManagerTest" tests="1" skipped="0" failures="0" errors="0" timestamp="2020-06-02T16:08:40" hostname="MADHU" time="0.023">
  <properties/>
  <testcase name="invokedLoadAddressBooks_whenLoaded_shouldReturnNumberOfFiles" classname="com.addressbook.AddressBookManagerTest" time="0.023"/>
  <system-out><![CDATA[]]></system-out>
  <system-err><![CDATA[]]></system-err>
</testsuite>
