<?xml version="1.0" encoding="UTF-8"?>
<testsuite name="com.addressbook.AddressBookManagerTest" tests="1" skipped="0" failures="0" errors="0" timestamp="2020-05-29T05:23:05" hostname="MADHU" time="0.051">
  <properties/>
  <testcase name="givenAddressBookName_whenCreated_shouldCreateNewAddressBook" classname="com.addressbook.AddressBookManagerTest" time="0.051"/>
  <system-out><![CDATA[]]></system-out>
  <system-err><![CDATA[]]></system-err>
</testsuite>
